2020/03/12 16:41:45 [error] [exception.CDbException] CDbException: CDbConnection failed to open the DB connection: could not find driver in C:\Users\stas\Sites\yii\framework\db\CDbConnection.php:399
Stack trace:
#0 C:\Users\stas\Sites\yii\framework\db\CDbConnection.php(347): CDbConnection->open()
#1 C:\Users\stas\Sites\yii\framework\db\CDbConnection.php(325): CDbConnection->setActive(true)
#2 C:\Users\stas\Sites\yii\framework\base\CModule.php(394): CDbConnection->init()
#3 C:\Users\stas\Sites\yii\framework\cli\commands\MigrateCommand.php(472): CModule->getComponent('db')
#4 C:\Users\stas\Sites\yii\framework\cli\commands\MigrateCommand.php(481): MigrateCommand->getDbConnection()
#5 C:\Users\stas\Sites\yii\framework\cli\commands\MigrateCommand.php(512): MigrateCommand->getMigrationHistory(-1)
#6 C:\Users\stas\Sites\yii\framework\cli\commands\MigrateCommand.php(84): MigrateCommand->getNewMigrations()
#7 [internal function]: MigrateCommand->actionUp(Array)
#8 C:\Users\stas\Sites\yii\framework\console\CConsoleCommand.php(172): ReflectionMethod->invokeArgs(Object(MigrateCommand), Array)
#9 C:\Users\stas\Sites\yii\framework\console\CConsoleCommandRunner.php(71): CConsoleCommand->run(Array)
#10 C:\Users\stas\Sites\yii\framework\console\CConsoleApplication.php(92): CConsoleCommandRunner->run(Array)
#11 C:\Users\stas\Sites\yii\framework\base\CApplication.php(185): CConsoleApplication->processRequest()
#12 C:\Users\stas\Sites\yii\framework\yiic.php(33): CApplication->run()
#13 C:\Users\stas\Sites\techomatix-test\protected\yiic.php(7): require_once('C:\\Users\\stas\\S...')
#14 C:\Users\stas\Sites\techomatix-test\protected\yiic(4): require_once('C:\\Users\\stas\\S...')
#15 {main}
---
2020/03/12 16:42:54 [error] [system.db.CDbCommand] CDbCommand::fetchAll() failed: SQLSTATE[42S02]: Base table or view not found: 1146 Table 'test.tbl_migration' doesn't exist. The SQL statement executed was: SHOW FULL COLUMNS FROM `tbl_migration`.
2020/03/12 16:48:57 [error] [system.db.CDbCommand] CDbCommand::execute() failed: SQLSTATE[42000]: Syntax error or access violation: 1068 Multiple primary key defined. The SQL statement executed was: CREATE TABLE IF NOT EXISTS `user` (
            `id` int(11) NOT NULL AUTO_INCREMENT PRIMARY KEY,
            `email` varchar(255) NOT NULL,
            `password` varchar(255) NOT NULL,
            `name` varchar(255) NOT NULL,
            `date` int(11) NOT NULL,
            `status` int(11) NOT NULL,
            `role` varchar(255) NOT NULL,
            PRIMARY KEY (`id`)
            ) ENGINE=InnoDB DEFAULT CHARSET=utf8 AUTO_INCREMENT=1 ;.
2020/03/12 16:48:57 [error] [exception.CDbException] CDbException: CDbCommand failed to execute the SQL statement: SQLSTATE[42000]: Syntax error or access violation: 1068 Multiple primary key defined. The SQL statement executed was: CREATE TABLE IF NOT EXISTS `user` (
            `id` int(11) NOT NULL AUTO_INCREMENT PRIMARY KEY,
            `email` varchar(255) NOT NULL,
            `password` varchar(255) NOT NULL,
            `name` varchar(255) NOT NULL,
            `date` int(11) NOT NULL,
            `status` int(11) NOT NULL,
            `role` varchar(255) NOT NULL,
            PRIMARY KEY (`id`)
            ) ENGINE=InnoDB DEFAULT CHARSET=utf8 AUTO_INCREMENT=1 ; in C:\Users\stas\Sites\yii\framework\db\CDbCommand.php:358
Stack trace:
#0 C:\Users\stas\Sites\techomatix-test\protected\migrations\m200312_164805_create_user_table.php(17): CDbCommand->execute()
#1 C:\Users\stas\Sites\yii\framework\cli\commands\MigrateCommand.php(415): m200312_164805_create_user_table->up()
#2 C:\Users\stas\Sites\yii\framework\cli\commands\MigrateCommand.php(109): MigrateCommand->migrateUp('m200312_164805_...')
#3 [internal function]: MigrateCommand->actionUp(Array)
#4 C:\Users\stas\Sites\yii\framework\console\CConsoleCommand.php(172): ReflectionMethod->invokeArgs(Object(MigrateCommand), Array)
#5 C:\Users\stas\Sites\yii\framework\console\CConsoleCommandRunner.php(71): CConsoleCommand->run(Array)
#6 C:\Users\stas\Sites\yii\framework\console\CConsoleApplication.php(92): CConsoleCommandRunner->run(Array)
#7 C:\Users\stas\Sites\yii\framework\base\CApplication.php(185): CConsoleApplication->processRequest()
#8 C:\Users\stas\Sites\yii\framework\yiic.php(33): CApplication->run()
#9 C:\Users\stas\Sites\techomatix-test\protected\yiic.php(7): require_once('C:\\Users\\stas\\S...')
#10 C:\Users\stas\Sites\techomatix-test\protected\yiic(4): require_once('C:\\Users\\stas\\S...')
#11 {main}
---
2020/03/12 18:51:00 [error] [exception.CHttpException.404] CHttpException: The system is unable to find the requested action "gii". in C:\Users\stas\Sites\yii\framework\web\CController.php:486
Stack trace:
#0 C:\Users\stas\Sites\yii\framework\web\CController.php(270): CController->missingAction('gii')
#1 C:\Users\stas\Sites\yii\framework\web\CWebApplication.php(282): CController->run('gii')
#2 C:\Users\stas\Sites\yii\framework\web\CWebApplication.php(141): CWebApplication->runController('site/gii')
#3 C:\Users\stas\Sites\yii\framework\base\CApplication.php(185): CWebApplication->processRequest()
#4 C:\Users\stas\Sites\techomatix-test\index.php(13): CApplication->run()
#5 {main}
REQUEST_URI=/index.php?r=site/gii
---
2020/03/12 17:31:41 [error] [exception.CException] CException: Property "CConsoleApplication.authManager" is not defined. in C:\Users\stas\Sites\yii\framework\base\CComponent.php:130
Stack trace:
#0 C:\Users\stas\Sites\yii\framework\base\CModule.php(105): CComponent->__get('authManager')
#1 C:\Users\stas\Sites\techomatix-test\protected\commands\RbacCommand.php(7): CModule->__get('authManager')
#2 [internal function]: RbacCommand->actionInit()
#3 C:\Users\stas\Sites\yii\framework\console\CConsoleCommand.php(172): ReflectionMethod->invokeArgs(Object(RbacCommand), Array)
#4 C:\Users\stas\Sites\yii\framework\console\CConsoleCommandRunner.php(71): CConsoleCommand->run(Array)
#5 C:\Users\stas\Sites\yii\framework\console\CConsoleApplication.php(92): CConsoleCommandRunner->run(Array)
#6 C:\Users\stas\Sites\yii\framework\base\CApplication.php(185): CConsoleApplication->processRequest()
#7 C:\Users\stas\Sites\yii\framework\yiic.php(33): CApplication->run()
#8 C:\Users\stas\Sites\techomatix-test\protected\yiic.php(7): require_once('C:\\Users\\stas\\S...')
#9 {main}
---
2020/03/12 17:32:18 [error] [system.db.CDbCommand] CDbCommand::execute() failed: SQLSTATE[42S02]: Base table or view not found: 1146 Table 'test.authitem' doesn't exist. The SQL statement executed was: INSERT INTO `AuthItem` (`name`, `type`, `description`, `bizrule`, `data`) VALUES (:name, :type, :description, :bizrule, :data).
2020/03/12 17:32:18 [error] [exception.CDbException] CDbException: CDbCommand failed to execute the SQL statement: SQLSTATE[42S02]: Base table or view not found: 1146 Table 'test.authitem' doesn't exist. The SQL statement executed was: INSERT INTO `AuthItem` (`name`, `type`, `description`, `bizrule`, `data`) VALUES (:name, :type, :description, :bizrule, :data) in C:\Users\stas\Sites\yii\framework\db\CDbCommand.php:358
Stack trace:
#0 C:\Users\stas\Sites\yii\framework\db\CDbCommand.php(1278): CDbCommand->execute(Array)
#1 C:\Users\stas\Sites\yii\framework\web\auth\CDbAuthManager.php(443): CDbCommand->insert('AuthItem', Array)
#2 C:\Users\stas\Sites\yii\framework\web\auth\CAuthManager.php(100): CDbAuthManager->createAuthItem('addPosition', 0, '\xD0\x94\xD0\xBE\xD0\xB1\xD0\xB0\xD0\xB2\xD0\xBB\xD1\x8F\xD1...', NULL, NULL)
#3 C:\Users\stas\Sites\techomatix-test\protected\commands\RbacCommand.php(9): CAuthManager->createOperation('addPosition', '\xD0\x94\xD0\xBE\xD0\xB1\xD0\xB0\xD0\xB2\xD0\xBB\xD1\x8F\xD1...')
#4 [internal function]: RbacCommand->actionInit()
#5 C:\Users\stas\Sites\yii\framework\console\CConsoleCommand.php(172): ReflectionMethod->invokeArgs(Object(RbacCommand), Array)
#6 C:\Users\stas\Sites\yii\framework\console\CConsoleCommandRunner.php(71): CConsoleCommand->run(Array)
#7 C:\Users\stas\Sites\yii\framework\console\CConsoleApplication.php(92): CConsoleCommandRunner->run(Array)
#8 C:\Users\stas\Sites\yii\framework\base\CApplication.php(185): CConsoleApplication->processRequest()
#9 C:\Users\stas\Sites\yii\framework\yiic.php(33): CApplication->run()
#10 C:\Users\stas\Sites\techomatix-test\protected\yiic.php(7): require_once('C:\\Users\\stas\\S...')
#11 {main}
---
2020/03/12 17:45:19 [error] [system.db.CDbCommand] CDbCommand::execute() failed: SQLSTATE[23000]: Integrity constraint violation: 1062 Duplicate entry 'addPosition' for key 'PRIMARY'. The SQL statement executed was: INSERT INTO `AuthItem` (`name`, `type`, `description`, `bizrule`, `data`) VALUES (:name, :type, :description, :bizrule, :data).
2020/03/12 17:45:19 [error] [exception.CDbException] CDbException: CDbCommand failed to execute the SQL statement: SQLSTATE[23000]: Integrity constraint violation: 1062 Duplicate entry 'addPosition' for key 'PRIMARY'. The SQL statement executed was: INSERT INTO `AuthItem` (`name`, `type`, `description`, `bizrule`, `data`) VALUES (:name, :type, :description, :bizrule, :data) in C:\Users\stas\Sites\yii\framework\db\CDbCommand.php:358
Stack trace:
#0 C:\Users\stas\Sites\yii\framework\db\CDbCommand.php(1278): CDbCommand->execute(Array)
#1 C:\Users\stas\Sites\yii\framework\web\auth\CDbAuthManager.php(443): CDbCommand->insert('AuthItem', Array)
#2 C:\Users\stas\Sites\yii\framework\web\auth\CAuthManager.php(100): CDbAuthManager->createAuthItem('addPosition', 0, '\xD0\x94\xD0\xBE\xD0\xB1\xD0\xB0\xD0\xB2\xD0\xBB\xD1\x8F\xD1...', NULL, NULL)
#3 C:\Users\stas\Sites\techomatix-test\protected\commands\RbacCommand.php(9): CAuthManager->createOperation('addPosition', '\xD0\x94\xD0\xBE\xD0\xB1\xD0\xB0\xD0\xB2\xD0\xBB\xD1\x8F\xD1...')
#4 [internal function]: RbacCommand->actionInit()
#5 C:\Users\stas\Sites\yii\framework\console\CConsoleCommand.php(172): ReflectionMethod->invokeArgs(Object(RbacCommand), Array)
#6 C:\Users\stas\Sites\yii\framework\console\CConsoleCommandRunner.php(71): CConsoleCommand->run(Array)
#7 C:\Users\stas\Sites\yii\framework\console\CConsoleApplication.php(92): CConsoleCommandRunner->run(Array)
#8 C:\Users\stas\Sites\yii\framework\base\CApplication.php(185): CConsoleApplication->processRequest()
#9 C:\Users\stas\Sites\yii\framework\yiic.php(33): CApplication->run()
#10 C:\Users\stas\Sites\techomatix-test\protected\yiic.php(7): require_once('C:\\Users\\stas\\S...')
#11 {main}
---
2020/03/12 17:52:09 [error] [system.db.CDbCommand] CDbCommand::fetchAll() failed: SQLSTATE[42S02]: Base table or view not found: 1146 Table 'test.tbl_migration' doesn't exist. The SQL statement executed was: SHOW FULL COLUMNS FROM `tbl_migration`.
2020/03/13 08:26:43 [error] [exception.CHttpException.404] CHttpException: Unable to resolve the request "favicon.ico". in C:\Users\stas\Sites\yii\framework\web\CWebApplication.php:286
Stack trace:
#0 C:\Users\stas\Sites\yii\framework\web\CWebApplication.php(141): CWebApplication->runController('favicon.ico')
#1 C:\Users\stas\Sites\yii\framework\base\CApplication.php(185): CWebApplication->processRequest()
#2 C:\Users\stas\Sites\techomatix-test\index.php(13): CApplication->run()
#3 {main}
REQUEST_URI=/favicon.ico
HTTP_REFERER=http://techomatix.pro/index.php
---
2020/03/13 10:39:46 [error] [exception.CException] CException: GoodsController cannot find the requested view "index". in C:\Users\stas\Sites\yii\framework\web\CController.php:881
Stack trace:
#0 C:\Users\stas\Sites\yii\framework\web\CController.php(785): CController->renderPartial('index', NULL, true)
#1 C:\Users\stas\Sites\techomatix-test\protected\controllers\GoodsController.php(30): CController->render('index')
#2 C:\Users\stas\Sites\yii\framework\web\actions\CInlineAction.php(49): GoodsController->actionIndex()
#3 C:\Users\stas\Sites\yii\framework\web\CController.php(308): CInlineAction->runWithParams(Array)
#4 C:\Users\stas\Sites\yii\framework\web\CController.php(286): CController->runAction(Object(CInlineAction))
#5 C:\Users\stas\Sites\yii\framework\web\CController.php(265): CController->runActionWithFilters(Object(CInlineAction), Array)
#6 C:\Users\stas\Sites\yii\framework\web\CWebApplication.php(282): CController->run('index')
#7 C:\Users\stas\Sites\yii\framework\web\CWebApplication.php(141): CWebApplication->runController('goods/index')
#8 C:\Users\stas\Sites\yii\framework\base\CApplication.php(185): CWebApplication->processRequest()
#9 C:\Users\stas\Sites\techomatix-test\index.php(13): CApplication->run()
#10 {main}
REQUEST_URI=/index.php/goods/index
HTTP_REFERER=http://techomatix.pro/index.php
---
2020/03/13 10:51:53 [error] [exception.CException] CException: Property "Goods.score" is not defined. in C:\Users\stas\Sites\yii\framework\base\CComponent.php:130
Stack trace:
#0 C:\Users\stas\Sites\yii\framework\db\ar\CActiveRecord.php(145): CComponent->__get('score')
#1 C:\Users\stas\Sites\yii\framework\base\CComponent.php(614) : eval()'d code(1): CActiveRecord->__get('score')
#2 C:\Users\stas\Sites\yii\framework\base\CComponent.php(614): eval()
#3 C:\Users\stas\Sites\yii\framework\zii\widgets\grid\CButtonColumn.php(357): CComponent->evaluateExpression('$data->score > ...', Array)
#4 C:\Users\stas\Sites\yii\framework\zii\widgets\grid\CButtonColumn.php(339): CButtonColumn->renderButton('update', Array, 0, Object(Goods))
#5 C:\Users\stas\Sites\yii\framework\zii\widgets\grid\CGridColumn.php(237): CButtonColumn->getDataCellContent(0)
#6 C:\Users\stas\Sites\yii\framework\zii\widgets\grid\CGridColumn.php(160): CGridColumn->renderDataCellContent(0, Object(Goods))
#7 C:\Users\stas\Sites\yii\framework\zii\widgets\grid\CGridView.php(655): CGridColumn->renderDataCell(0)
#8 C:\Users\stas\Sites\yii\framework\zii\widgets\grid\CGridView.php(639): CGridView->renderDataCell(Object(CButtonColumn), 0)
#9 C:\Users\stas\Sites\yii\framework\zii\widgets\grid\CGridView.php(595): CGridView->renderTableRow(0)
#10 C:\Users\stas\Sites\yii\framework\zii\widgets\grid\CGridView.php(505): CGridView->renderTableBody()
#11 C:\Users\stas\Sites\yii\framework\zii\widgets\CBaseListView.php(181): CGridView->renderItems()
#12 [internal function]: CBaseListView->renderSection(Array)
#13 C:\Users\stas\Sites\yii\framework\zii\widgets\CBaseListView.php(164): preg_replace_callback('/{(\\w+)}/', Array, '{summary}\n{item...')
#14 C:\Users\stas\Sites\yii\framework\zii\widgets\CBaseListView.php(149): CBaseListView->renderContent()
#15 C:\Users\stas\Sites\yii\framework\web\CBaseController.php(182): CBaseListView->run()
#16 C:\Users\stas\Sites\techomatix-test\protected\views\goods\index.php(4): CBaseController->widget('zii.widgets.gri...', Array)
#17 C:\Users\stas\Sites\yii\framework\web\CBaseController.php(126): require('C:\\Users\\stas\\S...')
#18 C:\Users\stas\Sites\yii\framework\web\CBaseController.php(95): CBaseController->renderInternal('C:\\Users\\stas\\S...', Array, true)
#19 C:\Users\stas\Sites\yii\framework\web\CController.php(872): CBaseController->renderFile('C:\\Users\\stas\\S...', Array, true)
#20 C:\Users\stas\Sites\yii\framework\web\CController.php(785): CController->renderPartial('index', Array, true)
#21 C:\Users\stas\Sites\techomatix-test\protected\controllers\GoodsController.php(34): CController->render('index', Array)
#22 C:\Users\stas\Sites\yii\framework\web\actions\CInlineAction.php(49): GoodsController->actionIndex()
#23 C:\Users\stas\Sites\yii\framework\web\CController.php(308): CInlineAction->runWithParams(Array)
#24 C:\Users\stas\Sites\yii\framework\web\CController.php(286): CController->runAction(Object(CInlineAction))
#25 C:\Users\stas\Sites\yii\framework\web\CController.php(265): CController->runActionWithFilters(Object(CInlineAction), Array)
#26 C:\Users\stas\Sites\yii\framework\web\CWebApplication.php(282): CController->run('index')
#27 C:\Users\stas\Sites\yii\framework\web\CWebApplication.php(141): CWebApplication->runController('goods/index')
#28 C:\Users\stas\Sites\yii\framework\base\CApplication.php(185): CWebApplication->processRequest()
#29 C:\Users\stas\Sites\techomatix-test\index.php(13): CApplication->run()
#30 {main}
REQUEST_URI=/index.php/goods/index
HTTP_REFERER=http://techomatix.pro/index.php
---
2020/03/13 15:34:50 [error] [exception.CHttpException.404] CHttpException: Unable to resolve the request "favicon.ico". in C:\Users\stas\Sites\yii\framework\web\CWebApplication.php:286
Stack trace:
#0 C:\Users\stas\Sites\yii\framework\web\CWebApplication.php(141): CWebApplication->runController('favicon.ico')
#1 C:\Users\stas\Sites\yii\framework\base\CApplication.php(185): CWebApplication->processRequest()
#2 C:\Users\stas\Sites\techomatix-test\index.php(13): CApplication->run()
#3 {main}
REQUEST_URI=/favicon.ico
HTTP_REFERER=http://techomatix.pro/index.php/goods/index
---
2020/03/13 15:53:15 [error] [exception.CException] CException: Property "CWebUser.identity" is not defined. in C:\Users\stas\Sites\yii\framework\base\CComponent.php:130
Stack trace:
#0 C:\Users\stas\Sites\yii\framework\web\auth\CWebUser.php(146): CComponent->__get('identity')
#1 C:\Users\stas\Sites\techomatix-test\protected\models\Goods.php(103): CWebUser->__get('identity')
#2 C:\Users\stas\Sites\yii\framework\base\CComponent.php(614) : eval()'d code(1): Goods->checkAccessEdit()
#3 C:\Users\stas\Sites\yii\framework\base\CComponent.php(614): eval()
#4 C:\Users\stas\Sites\yii\framework\zii\widgets\grid\CButtonColumn.php(357): CComponent->evaluateExpression('$data->checkAcc...', Array)
#5 C:\Users\stas\Sites\yii\framework\zii\widgets\grid\CButtonColumn.php(339): CButtonColumn->renderButton('update', Array, 0, Object(Goods))
#6 C:\Users\stas\Sites\yii\framework\zii\widgets\grid\CGridColumn.php(237): CButtonColumn->getDataCellContent(0)
#7 C:\Users\stas\Sites\yii\framework\zii\widgets\grid\CGridColumn.php(160): CGridColumn->renderDataCellContent(0, Object(Goods))
#8 C:\Users\stas\Sites\yii\framework\zii\widgets\grid\CGridView.php(655): CGridColumn->renderDataCell(0)
#9 C:\Users\stas\Sites\yii\framework\zii\widgets\grid\CGridView.php(639): CGridView->renderDataCell(Object(CButtonColumn), 0)
#10 C:\Users\stas\Sites\yii\framework\zii\widgets\grid\CGridView.php(595): CGridView->renderTableRow(0)
#11 C:\Users\stas\Sites\yii\framework\zii\widgets\grid\CGridView.php(505): CGridView->renderTableBody()
#12 C:\Users\stas\Sites\yii\framework\zii\widgets\CBaseListView.php(181): CGridView->renderItems()
#13 [internal function]: CBaseListView->renderSection(Array)
#14 C:\Users\stas\Sites\yii\framework\zii\widgets\CBaseListView.php(164): preg_replace_callback('/{(\\w+)}/', Array, '{summary}\n{item...')
#15 C:\Users\stas\Sites\yii\framework\zii\widgets\CBaseListView.php(149): CBaseListView->renderContent()
#16 C:\Users\stas\Sites\yii\framework\web\CBaseController.php(182): CBaseListView->run()
#17 C:\Users\stas\Sites\techomatix-test\protected\views\goods\index.php(4): CBaseController->widget('zii.widgets.gri...', Array)
#18 C:\Users\stas\Sites\yii\framework\web\CBaseController.php(126): require('C:\\Users\\stas\\S...')
#19 C:\Users\stas\Sites\yii\framework\web\CBaseController.php(95): CBaseController->renderInternal('C:\\Users\\stas\\S...', Array, true)
#20 C:\Users\stas\Sites\yii\framework\web\CController.php(872): CBaseController->renderFile('C:\\Users\\stas\\S...', Array, true)
#21 C:\Users\stas\Sites\yii\framework\web\CController.php(785): CController->renderPartial('index', Array, true)
#22 C:\Users\stas\Sites\techomatix-test\protected\controllers\GoodsController.php(34): CController->render('index', Array)
#23 C:\Users\stas\Sites\yii\framework\web\actions\CInlineAction.php(49): GoodsController->actionIndex()
#24 C:\Users\stas\Sites\yii\framework\web\CController.php(308): CInlineAction->runWithParams(Array)
#25 C:\Users\stas\Sites\yii\framework\web\CController.php(286): CController->runAction(Object(CInlineAction))
#26 C:\Users\stas\Sites\yii\framework\web\CController.php(265): CController->runActionWithFilters(Object(CInlineAction), Array)
#27 C:\Users\stas\Sites\yii\framework\web\CWebApplication.php(282): CController->run('index')
#28 C:\Users\stas\Sites\yii\framework\web\CWebApplication.php(141): CWebApplication->runController('goods/index')
#29 C:\Users\stas\Sites\yii\framework\base\CApplication.php(185): CWebApplication->processRequest()
#30 C:\Users\stas\Sites\techomatix-test\index.php(13): CApplication->run()
#31 {main}
REQUEST_URI=/index.php/goods/index
HTTP_REFERER=http://techomatix.pro/index.php
---
2020/03/13 15:58:07 [error] [php] Undefined variable: dataProvider (C:\Users\stas\Sites\techomatix-test\protected\views\goods\index.php:4)
Stack trace:
#0 C:\Users\stas\Sites\yii\framework\web\CController.php(872): GoodsController->renderFile()
#1 C:\Users\stas\Sites\yii\framework\web\CController.php(785): GoodsController->renderPartial()
#2 C:\Users\stas\Sites\techomatix-test\protected\controllers\GoodsController.php(42): GoodsController->render()
#3 unknown(0): GoodsController->actionUpdate()
#4 C:\Users\stas\Sites\yii\framework\web\actions\CAction.php(109): ReflectionMethod->invokeArgs()
#5 C:\Users\stas\Sites\yii\framework\web\actions\CInlineAction.php(47): CInlineAction->runWithParamsInternal()
#6 C:\Users\stas\Sites\yii\framework\web\CController.php(308): CInlineAction->runWithParams()
#7 C:\Users\stas\Sites\yii\framework\web\CController.php(286): GoodsController->runAction()
#8 C:\Users\stas\Sites\yii\framework\web\CController.php(265): GoodsController->runActionWithFilters()
#9 C:\Users\stas\Sites\yii\framework\web\CWebApplication.php(282): GoodsController->run()
#10 C:\Users\stas\Sites\yii\framework\web\CWebApplication.php(141): CWebApplication->runController()
#11 C:\Users\stas\Sites\yii\framework\base\CApplication.php(185): CWebApplication->processRequest()
#12 C:\Users\stas\Sites\techomatix-test\index.php(13): CWebApplication->run()
REQUEST_URI=/index.php/goods/update/1
in C:\Users\stas\Sites\techomatix-test\protected\views\goods\index.php (4)
in C:\Users\stas\Sites\techomatix-test\protected\controllers\GoodsController.php (42)
in C:\Users\stas\Sites\techomatix-test\index.php (13)
2020/03/13 15:58:17 [error] [exception.CException] CException: GoodsController cannot find the requested view "update". in C:\Users\stas\Sites\yii\framework\web\CController.php:881
Stack trace:
#0 C:\Users\stas\Sites\yii\framework\web\CController.php(785): CController->renderPartial('update', NULL, true)
#1 C:\Users\stas\Sites\techomatix-test\protected\controllers\GoodsController.php(42): CController->render('update')
#2 [internal function]: GoodsController->actionUpdate('1')
#3 C:\Users\stas\Sites\yii\framework\web\actions\CAction.php(109): ReflectionMethod->invokeArgs(Object(GoodsController), Array)
#4 C:\Users\stas\Sites\yii\framework\web\actions\CInlineAction.php(47): CAction->runWithParamsInternal(Object(GoodsController), Object(ReflectionMethod), Array)
#5 C:\Users\stas\Sites\yii\framework\web\CController.php(308): CInlineAction->runWithParams(Array)
#6 C:\Users\stas\Sites\yii\framework\web\CController.php(286): CController->runAction(Object(CInlineAction))
#7 C:\Users\stas\Sites\yii\framework\web\CController.php(265): CController->runActionWithFilters(Object(CInlineAction), Array)
#8 C:\Users\stas\Sites\yii\framework\web\CWebApplication.php(282): CController->run('update')
#9 C:\Users\stas\Sites\yii\framework\web\CWebApplication.php(141): CWebApplication->runController('goods/update')
#10 C:\Users\stas\Sites\yii\framework\base\CApplication.php(185): CWebApplication->processRequest()
#11 C:\Users\stas\Sites\techomatix-test\index.php(13): CApplication->run()
#12 {main}
REQUEST_URI=/index.php/goods/update/1
HTTP_REFERER=http://techomatix.pro/index.php/goods/index
---
2020/03/13 15:58:52 [error] [exception.CException] CException: GoodsController cannot find the requested view "update". in C:\Users\stas\Sites\yii\framework\web\CController.php:881
Stack trace:
#0 C:\Users\stas\Sites\yii\framework\web\CController.php(785): CController->renderPartial('update', NULL, true)
#1 C:\Users\stas\Sites\techomatix-test\protected\controllers\GoodsController.php(46): CController->render('update')
#2 [internal function]: GoodsController->actionUpdate('1')
#3 C:\Users\stas\Sites\yii\framework\web\actions\CAction.php(109): ReflectionMethod->invokeArgs(Object(GoodsController), Array)
#4 C:\Users\stas\Sites\yii\framework\web\actions\CInlineAction.php(47): CAction->runWithParamsInternal(Object(GoodsController), Object(ReflectionMethod), Array)
#5 C:\Users\stas\Sites\yii\framework\web\CController.php(308): CInlineAction->runWithParams(Array)
#6 C:\Users\stas\Sites\yii\framework\web\CController.php(286): CController->runAction(Object(CInlineAction))
#7 C:\Users\stas\Sites\yii\framework\web\CController.php(265): CController->runActionWithFilters(Object(CInlineAction), Array)
#8 C:\Users\stas\Sites\yii\framework\web\CWebApplication.php(282): CController->run('update')
#9 C:\Users\stas\Sites\yii\framework\web\CWebApplication.php(141): CWebApplication->runController('goods/update')
#10 C:\Users\stas\Sites\yii\framework\base\CApplication.php(185): CWebApplication->processRequest()
#11 C:\Users\stas\Sites\techomatix-test\index.php(13): CApplication->run()
#12 {main}
REQUEST_URI=/index.php/goods/update/1
HTTP_REFERER=http://techomatix.pro/index.php/goods/index
---
2020/03/13 16:05:08 [error] [exception.CException] CException: Property "GoodsController.breadcrumbs" is not defined. in C:\Users\stas\Sites\yii\framework\base\CComponent.php:173
Stack trace:
#0 C:\Users\stas\Sites\techomatix-test\protected\views\goods\update.php(3): CComponent->__set('breadcrumbs', Array)
#1 C:\Users\stas\Sites\yii\framework\web\CBaseController.php(126): require('C:\\Users\\stas\\S...')
#2 C:\Users\stas\Sites\yii\framework\web\CBaseController.php(95): CBaseController->renderInternal('C:\\Users\\stas\\S...', Array, true)
#3 C:\Users\stas\Sites\yii\framework\web\CController.php(872): CBaseController->renderFile('C:\\Users\\stas\\S...', Array, true)
#4 C:\Users\stas\Sites\yii\framework\web\CController.php(785): CController->renderPartial('update', Array, true)
#5 C:\Users\stas\Sites\techomatix-test\protected\controllers\GoodsController.php(62): CController->render('update', Array)
#6 [internal function]: GoodsController->actionUpdate('1')
#7 C:\Users\stas\Sites\yii\framework\web\actions\CAction.php(109): ReflectionMethod->invokeArgs(Object(GoodsController), Array)
#8 C:\Users\stas\Sites\yii\framework\web\actions\CInlineAction.php(47): CAction->runWithParamsInternal(Object(GoodsController), Object(ReflectionMethod), Array)
#9 C:\Users\stas\Sites\yii\framework\web\CController.php(308): CInlineAction->runWithParams(Array)
#10 C:\Users\stas\Sites\yii\framework\web\CController.php(286): CController->runAction(Object(CInlineAction))
#11 C:\Users\stas\Sites\yii\framework\web\CController.php(265): CController->runActionWithFilters(Object(CInlineAction), Array)
#12 C:\Users\stas\Sites\yii\framework\web\CWebApplication.php(282): CController->run('update')
#13 C:\Users\stas\Sites\yii\framework\web\CWebApplication.php(141): CWebApplication->runController('goods/update')
#14 C:\Users\stas\Sites\yii\framework\base\CApplication.php(185): CWebApplication->processRequest()
#15 C:\Users\stas\Sites\techomatix-test\index.php(13): CApplication->run()
#16 {main}
REQUEST_URI=/index.php/goods/update/1
HTTP_REFERER=http://techomatix.pro/index.php/goods/index
---
2020/03/13 16:17:04 [error] [exception.CHttpException.404] CHttpException: Unable to resolve the request "plus-minus/index". in C:\Users\stas\Sites\yii\framework\web\CWebApplication.php:286
Stack trace:
#0 C:\Users\stas\Sites\yii\framework\web\CWebApplication.php(141): CWebApplication->runController('plus-minus/inde...')
#1 C:\Users\stas\Sites\yii\framework\base\CApplication.php(185): CWebApplication->processRequest()
#2 C:\Users\stas\Sites\techomatix-test\index.php(13): CApplication->run()
#3 {main}
REQUEST_URI=/index.php/plus-minus/index
HTTP_REFERER=http://techomatix.pro/index.php/goods/index
---
2020/03/13 16:17:17 [error] [exception.CHttpException.404] CHttpException: The system is unable to find the requested action "index". in C:\Users\stas\Sites\yii\framework\web\CController.php:486
Stack trace:
#0 C:\Users\stas\Sites\yii\framework\web\CController.php(270): CController->missingAction('index')
#1 C:\Users\stas\Sites\yii\framework\web\CWebApplication.php(282): CController->run('index')
#2 C:\Users\stas\Sites\yii\framework\web\CWebApplication.php(141): CWebApplication->runController('plusMinus/index')
#3 C:\Users\stas\Sites\yii\framework\base\CApplication.php(185): CWebApplication->processRequest()
#4 C:\Users\stas\Sites\techomatix-test\index.php(13): CApplication->run()
#5 {main}
REQUEST_URI=/index.php/plusMinus/index
HTTP_REFERER=http://techomatix.pro/index.php/goods/index
---
2020/03/13 16:20:52 [error] [exception.CException] CException: PlusMinusController cannot find the requested view "update". in C:\Users\stas\Sites\yii\framework\web\CController.php:881
Stack trace:
#0 C:\Users\stas\Sites\yii\framework\web\CController.php(785): CController->renderPartial('update', Array, true)
#1 C:\Users\stas\Sites\techomatix-test\protected\controllers\PlusMinusController.php(61): CController->render('update', Array)
#2 [internal function]: PlusMinusController->actionUpdate(NULL)
#3 C:\Users\stas\Sites\yii\framework\web\actions\CAction.php(109): ReflectionMethod->invokeArgs(Object(PlusMinusController), Array)
#4 C:\Users\stas\Sites\yii\framework\web\actions\CInlineAction.php(47): CAction->runWithParamsInternal(Object(PlusMinusController), Object(ReflectionMethod), Array)
#5 C:\Users\stas\Sites\yii\framework\web\CController.php(308): CInlineAction->runWithParams(Array)
#6 C:\Users\stas\Sites\yii\framework\web\CController.php(286): CController->runAction(Object(CInlineAction))
#7 C:\Users\stas\Sites\yii\framework\web\CController.php(265): CController->runActionWithFilters(Object(CInlineAction), Array)
#8 C:\Users\stas\Sites\yii\framework\web\CWebApplication.php(282): CController->run('update')
#9 C:\Users\stas\Sites\yii\framework\web\CWebApplication.php(141): CWebApplication->runController('plusMinus/updat...')
#10 C:\Users\stas\Sites\yii\framework\base\CApplication.php(185): CWebApplication->processRequest()
#11 C:\Users\stas\Sites\techomatix-test\index.php(13): CApplication->run()
#12 {main}
REQUEST_URI=/index.php/plusMinus/update
HTTP_REFERER=http://techomatix.pro/index.php/plusMinus/index
---
2020/03/13 16:28:24 [error] [exception.CException] CException: Property "PlusMinus.name" is not defined. in C:\Users\stas\Sites\yii\framework\base\CComponent.php:130
Stack trace:
#0 C:\Users\stas\Sites\yii\framework\db\ar\CActiveRecord.php(145): CComponent->__get('name')
#1 C:\Users\stas\Sites\yii\framework\web\helpers\CHtml.php(2760): CActiveRecord->__get('name')
#2 C:\Users\stas\Sites\yii\framework\web\helpers\CHtml.php(2483): CHtml::resolveValue(Object(PlusMinus), 'name')
#3 C:\Users\stas\Sites\yii\framework\web\helpers\CHtml.php(1540): CHtml::activeInputField('text', Object(PlusMinus), 'name', Array)
#4 C:\Users\stas\Sites\yii\framework\web\widgets\CActiveForm.php(792): CHtml::activeTextField(Object(PlusMinus), 'name', Array)
#5 C:\Users\stas\Sites\techomatix-test\protected\views\plusMinus\update.php(26): CActiveForm->textField(Object(PlusMinus), 'name')
#6 C:\Users\stas\Sites\yii\framework\web\CBaseController.php(126): require('C:\\Users\\stas\\S...')
#7 C:\Users\stas\Sites\yii\framework\web\CBaseController.php(95): CBaseController->renderInternal('C:\\Users\\stas\\S...', Array, true)
#8 C:\Users\stas\Sites\yii\framework\web\CController.php(872): CBaseController->renderFile('C:\\Users\\stas\\S...', Array, true)
#9 C:\Users\stas\Sites\yii\framework\web\CController.php(785): CController->renderPartial('update', Array, true)
#10 C:\Users\stas\Sites\techomatix-test\protected\controllers\PlusMinusController.php(61): CController->render('update', Array)
#11 [internal function]: PlusMinusController->actionUpdate(NULL)
#12 C:\Users\stas\Sites\yii\framework\web\actions\CAction.php(109): ReflectionMethod->invokeArgs(Object(PlusMinusController), Array)
#13 C:\Users\stas\Sites\yii\framework\web\actions\CInlineAction.php(47): CAction->runWithParamsInternal(Object(PlusMinusController), Object(ReflectionMethod), Array)
#14 C:\Users\stas\Sites\yii\framework\web\CController.php(308): CInlineAction->runWithParams(Array)
#15 C:\Users\stas\Sites\yii\framework\web\CController.php(286): CController->runAction(Object(CInlineAction))
#16 C:\Users\stas\Sites\yii\framework\web\CController.php(265): CController->runActionWithFilters(Object(CInlineAction), Array)
#17 C:\Users\stas\Sites\yii\framework\web\CWebApplication.php(282): CController->run('update')
#18 C:\Users\stas\Sites\yii\framework\web\CWebApplication.php(141): CWebApplication->runController('plusMinus/updat...')
#19 C:\Users\stas\Sites\yii\framework\base\CApplication.php(185): CWebApplication->processRequest()
#20 C:\Users\stas\Sites\techomatix-test\index.php(13): CApplication->run()
#21 {main}
REQUEST_URI=/index.php/plusMinus/update
HTTP_REFERER=http://techomatix.pro/index.php/plusMinus/index
---
2020/03/13 16:40:00 [error] [exception.ArgumentCountError] ArgumentCountError: Too few arguments to function CActiveForm::listBox(), 2 passed in C:\Users\stas\Sites\techomatix-test\protected\views\plusMinus\update.php on line 32 and at least 3 expected in C:\Users\stas\Sites\yii\framework\web\widgets\CActiveForm.php:928
Stack trace:
#0 C:\Users\stas\Sites\techomatix-test\protected\views\plusMinus\update.php(32): CActiveForm->listBox(Object(PlusMinus), 'operationId')
#1 C:\Users\stas\Sites\yii\framework\web\CBaseController.php(126): require('C:\\Users\\stas\\S...')
#2 C:\Users\stas\Sites\yii\framework\web\CBaseController.php(95): CBaseController->renderInternal('C:\\Users\\stas\\S...', Array, true)
#3 C:\Users\stas\Sites\yii\framework\web\CController.php(872): CBaseController->renderFile('C:\\Users\\stas\\S...', Array, true)
#4 C:\Users\stas\Sites\yii\framework\web\CController.php(785): CController->renderPartial('update', Array, true)
#5 C:\Users\stas\Sites\techomatix-test\protected\controllers\PlusMinusController.php(62): CController->render('update', Array)
#6 [internal function]: PlusMinusController->actionUpdate(NULL)
#7 C:\Users\stas\Sites\yii\framework\web\actions\CAction.php(109): ReflectionMethod->invokeArgs(Object(PlusMinusController), Array)
#8 C:\Users\stas\Sites\yii\framework\web\actions\CInlineAction.php(47): CAction->runWithParamsInternal(Object(PlusMinusController), Object(ReflectionMethod), Array)
#9 C:\Users\stas\Sites\yii\framework\web\CController.php(308): CInlineAction->runWithParams(Array)
#10 C:\Users\stas\Sites\yii\framework\web\CController.php(286): CController->runAction(Object(CInlineAction))
#11 C:\Users\stas\Sites\yii\framework\web\CController.php(265): CController->runActionWithFilters(Object(CInlineAction), Array)
#12 C:\Users\stas\Sites\yii\framework\web\CWebApplication.php(282): CController->run('update')
#13 C:\Users\stas\Sites\yii\framework\web\CWebApplication.php(141): CWebApplication->runController('plusMinus/updat...')
#14 C:\Users\stas\Sites\yii\framework\base\CApplication.php(185): CWebApplication->processRequest()
#15 C:\Users\stas\Sites\techomatix-test\index.php(13): CApplication->run()
#16 {main}
REQUEST_URI=/index.php/plusMinus/update
HTTP_REFERER=http://techomatix.pro/index.php/plusMinus/index
---
2020/03/13 16:44:40 [error] [exception.CException] CException: PlusMinus and its behaviors do not have a method or closure named "checkAccessEdit". in C:\Users\stas\Sites\yii\framework\base\CComponent.php:266
Stack trace:
#0 C:\Users\stas\Sites\yii\framework\db\ar\CActiveRecord.php(229): CComponent->__call('checkAccessEdit', Array)
#1 C:\Users\stas\Sites\yii\framework\base\CComponent.php(614) : eval()'d code(1): CActiveRecord->__call('checkAccessEdit', Array)
#2 C:\Users\stas\Sites\yii\framework\base\CComponent.php(614): eval()
#3 C:\Users\stas\Sites\yii\framework\zii\widgets\grid\CButtonColumn.php(357): CComponent->evaluateExpression('$data->checkAcc...', Array)
#4 C:\Users\stas\Sites\yii\framework\zii\widgets\grid\CButtonColumn.php(339): CButtonColumn->renderButton('update', Array, 0, Object(PlusMinus))
#5 C:\Users\stas\Sites\yii\framework\zii\widgets\grid\CGridColumn.php(237): CButtonColumn->getDataCellContent(0)
#6 C:\Users\stas\Sites\yii\framework\zii\widgets\grid\CGridColumn.php(160): CGridColumn->renderDataCellContent(0, Object(PlusMinus))
#7 C:\Users\stas\Sites\yii\framework\zii\widgets\grid\CGridView.php(655): CGridColumn->renderDataCell(0)
#8 C:\Users\stas\Sites\yii\framework\zii\widgets\grid\CGridView.php(639): CGridView->renderDataCell(Object(CButtonColumn), 0)
#9 C:\Users\stas\Sites\yii\framework\zii\widgets\grid\CGridView.php(595): CGridView->renderTableRow(0)
#10 C:\Users\stas\Sites\yii\framework\zii\widgets\grid\CGridView.php(505): CGridView->renderTableBody()
#11 C:\Users\stas\Sites\yii\framework\zii\widgets\CBaseListView.php(181): CGridView->renderItems()
#12 [internal function]: CBaseListView->renderSection(Array)
#13 C:\Users\stas\Sites\yii\framework\zii\widgets\CBaseListView.php(164): preg_replace_callback('/{(\\w+)}/', Array, '{summary}\n{item...')
#14 C:\Users\stas\Sites\yii\framework\zii\widgets\CBaseListView.php(149): CBaseListView->renderContent()
#15 C:\Users\stas\Sites\yii\framework\web\CBaseController.php(182): CBaseListView->run()
#16 C:\Users\stas\Sites\techomatix-test\protected\views\plusMinus\index.php(8): CBaseController->widget('zii.widgets.gri...', Array)
#17 C:\Users\stas\Sites\yii\framework\web\CBaseController.php(126): require('C:\\Users\\stas\\S...')
#18 C:\Users\stas\Sites\yii\framework\web\CBaseController.php(95): CBaseController->renderInternal('C:\\Users\\stas\\S...', Array, true)
#19 C:\Users\stas\Sites\yii\framework\web\CController.php(872): CBaseController->renderFile('C:\\Users\\stas\\S...', Array, true)
#20 C:\Users\stas\Sites\yii\framework\web\CController.php(785): CController->renderPartial('index', Array, true)
#21 C:\Users\stas\Sites\techomatix-test\protected\controllers\PlusMinusController.php(37): CController->render('index', Array)
#22 C:\Users\stas\Sites\yii\framework\web\actions\CInlineAction.php(49): PlusMinusController->actionIndex()
#23 C:\Users\stas\Sites\yii\framework\web\CController.php(308): CInlineAction->runWithParams(Array)
#24 C:\Users\stas\Sites\yii\framework\web\CController.php(286): CController->runAction(Object(CInlineAction))
#25 C:\Users\stas\Sites\yii\framework\web\CController.php(265): CController->runActionWithFilters(Object(CInlineAction), Array)
#26 C:\Users\stas\Sites\yii\framework\web\CWebApplication.php(282): CController->run('index')
#27 C:\Users\stas\Sites\yii\framework\web\CWebApplication.php(141): CWebApplication->runController('plusMinus/index')
#28 C:\Users\stas\Sites\yii\framework\base\CApplication.php(185): CWebApplication->processRequest()
#29 C:\Users\stas\Sites\techomatix-test\index.php(13): CApplication->run()
#30 {main}
REQUEST_URI=/index.php/plusMinus/index
HTTP_REFERER=http://techomatix.pro/index.php/plusMinus/update
---
2020/03/13 17:29:26 [error] [exception.CException] CException: LogController cannot find the requested view "index". in C:\Users\stas\Sites\yii\framework\web\CController.php:881
Stack trace:
#0 C:\Users\stas\Sites\yii\framework\web\CController.php(785): CController->renderPartial('index', Array, true)
#1 C:\Users\stas\Sites\techomatix-test\protected\controllers\LogController.php(25): CController->render('index', Array)
#2 C:\Users\stas\Sites\yii\framework\web\actions\CInlineAction.php(49): LogController->actionIndex()
#3 C:\Users\stas\Sites\yii\framework\web\CController.php(308): CInlineAction->runWithParams(Array)
#4 C:\Users\stas\Sites\yii\framework\web\CController.php(286): CController->runAction(Object(CInlineAction))
#5 C:\Users\stas\Sites\yii\framework\web\CController.php(265): CController->runActionWithFilters(Object(CInlineAction), Array)
#6 C:\Users\stas\Sites\yii\framework\web\CWebApplication.php(282): CController->run('index')
#7 C:\Users\stas\Sites\yii\framework\web\CWebApplication.php(141): CWebApplication->runController('log/index')
#8 C:\Users\stas\Sites\yii\framework\base\CApplication.php(185): CWebApplication->processRequest()
#9 C:\Users\stas\Sites\techomatix-test\index.php(13): CApplication->run()
#10 {main}
REQUEST_URI=/index.php/log/index
HTTP_REFERER=http://techomatix.pro/index.php/plusMinus/index
---
2020/03/13 17:31:16 [error] [exception.CException] CException: Log and its behaviors do not have a method or closure named "getOperation". in C:\Users\stas\Sites\yii\framework\base\CComponent.php:266
Stack trace:
#0 C:\Users\stas\Sites\yii\framework\db\ar\CActiveRecord.php(229): CComponent->__call('getOperation', Array)
#1 C:\Users\stas\Sites\yii\framework\base\CComponent.php(614) : eval()'d code(1): CActiveRecord->__call('getOperation', Array)
#2 C:\Users\stas\Sites\yii\framework\base\CComponent.php(614): eval()
#3 C:\Users\stas\Sites\yii\framework\zii\widgets\grid\CDataColumn.php(148): CComponent->evaluateExpression('$data->getOpera...', Array)
#4 C:\Users\stas\Sites\yii\framework\zii\widgets\grid\CGridColumn.php(237): CDataColumn->getDataCellContent(0)
#5 C:\Users\stas\Sites\yii\framework\zii\widgets\grid\CGridColumn.php(160): CGridColumn->renderDataCellContent(0, Object(Log))
#6 C:\Users\stas\Sites\yii\framework\zii\widgets\grid\CGridView.php(655): CGridColumn->renderDataCell(0)
#7 C:\Users\stas\Sites\yii\framework\zii\widgets\grid\CGridView.php(639): CGridView->renderDataCell(Object(CDataColumn), 0)
#8 C:\Users\stas\Sites\yii\framework\zii\widgets\grid\CGridView.php(595): CGridView->renderTableRow(0)
#9 C:\Users\stas\Sites\yii\framework\zii\widgets\grid\CGridView.php(505): CGridView->renderTableBody()
#10 C:\Users\stas\Sites\yii\framework\zii\widgets\CBaseListView.php(181): CGridView->renderItems()
#11 [internal function]: CBaseListView->renderSection(Array)
#12 C:\Users\stas\Sites\yii\framework\zii\widgets\CBaseListView.php(164): preg_replace_callback('/{(\\w+)}/', Array, '{summary}\n{item...')
#13 C:\Users\stas\Sites\yii\framework\zii\widgets\CBaseListView.php(149): CBaseListView->renderContent()
#14 C:\Users\stas\Sites\yii\framework\web\CBaseController.php(182): CBaseListView->run()
#15 C:\Users\stas\Sites\techomatix-test\protected\views\log\index.php(4): CBaseController->widget('zii.widgets.gri...', Array)
#16 C:\Users\stas\Sites\yii\framework\web\CBaseController.php(126): require('C:\\Users\\stas\\S...')
#17 C:\Users\stas\Sites\yii\framework\web\CBaseController.php(95): CBaseController->renderInternal('C:\\Users\\stas\\S...', Array, true)
#18 C:\Users\stas\Sites\yii\framework\web\CController.php(872): CBaseController->renderFile('C:\\Users\\stas\\S...', Array, true)
#19 C:\Users\stas\Sites\yii\framework\web\CController.php(785): CController->renderPartial('index', Array, true)
#20 C:\Users\stas\Sites\techomatix-test\protected\controllers\LogController.php(25): CController->render('index', Array)
#21 C:\Users\stas\Sites\yii\framework\web\actions\CInlineAction.php(49): LogController->actionIndex()
#22 C:\Users\stas\Sites\yii\framework\web\CController.php(308): CInlineAction->runWithParams(Array)
#23 C:\Users\stas\Sites\yii\framework\web\CController.php(286): CController->runAction(Object(CInlineAction))
#24 C:\Users\stas\Sites\yii\framework\web\CController.php(265): CController->runActionWithFilters(Object(CInlineAction), Array)
#25 C:\Users\stas\Sites\yii\framework\web\CWebApplication.php(282): CController->run('index')
#26 C:\Users\stas\Sites\yii\framework\web\CWebApplication.php(141): CWebApplication->runController('log/index')
#27 C:\Users\stas\Sites\yii\framework\base\CApplication.php(185): CWebApplication->processRequest()
#28 C:\Users\stas\Sites\techomatix-test\index.php(13): CApplication->run()
#29 {main}
REQUEST_URI=/index.php/log/index
HTTP_REFERER=http://techomatix.pro/index.php/plusMinus/index
---
2020/03/13 17:31:53 [error] [exception.CException] CException: Log and its behaviors do not have a method or closure named "checkAccessEdit". in C:\Users\stas\Sites\yii\framework\base\CComponent.php:266
Stack trace:
#0 C:\Users\stas\Sites\yii\framework\db\ar\CActiveRecord.php(229): CComponent->__call('checkAccessEdit', Array)
#1 C:\Users\stas\Sites\yii\framework\base\CComponent.php(614) : eval()'d code(1): CActiveRecord->__call('checkAccessEdit', Array)
#2 C:\Users\stas\Sites\yii\framework\base\CComponent.php(614): eval()
#3 C:\Users\stas\Sites\yii\framework\zii\widgets\grid\CButtonColumn.php(357): CComponent->evaluateExpression('$data->checkAcc...', Array)
#4 C:\Users\stas\Sites\yii\framework\zii\widgets\grid\CButtonColumn.php(339): CButtonColumn->renderButton('update', Array, 0, Object(Log))
#5 C:\Users\stas\Sites\yii\framework\zii\widgets\grid\CGridColumn.php(237): CButtonColumn->getDataCellContent(0)
#6 C:\Users\stas\Sites\yii\framework\zii\widgets\grid\CGridColumn.php(160): CGridColumn->renderDataCellContent(0, Object(Log))
#7 C:\Users\stas\Sites\yii\framework\zii\widgets\grid\CGridView.php(655): CGridColumn->renderDataCell(0)
#8 C:\Users\stas\Sites\yii\framework\zii\widgets\grid\CGridView.php(639): CGridView->renderDataCell(Object(CButtonColumn), 0)
#9 C:\Users\stas\Sites\yii\framework\zii\widgets\grid\CGridView.php(595): CGridView->renderTableRow(0)
#10 C:\Users\stas\Sites\yii\framework\zii\widgets\grid\CGridView.php(505): CGridView->renderTableBody()
#11 C:\Users\stas\Sites\yii\framework\zii\widgets\CBaseListView.php(181): CGridView->renderItems()
#12 [internal function]: CBaseListView->renderSection(Array)
#13 C:\Users\stas\Sites\yii\framework\zii\widgets\CBaseListView.php(164): preg_replace_callback('/{(\\w+)}/', Array, '{summary}\n{item...')
#14 C:\Users\stas\Sites\yii\framework\zii\widgets\CBaseListView.php(149): CBaseListView->renderContent()
#15 C:\Users\stas\Sites\yii\framework\web\CBaseController.php(182): CBaseListView->run()
#16 C:\Users\stas\Sites\techomatix-test\protected\views\log\index.php(4): CBaseController->widget('zii.widgets.gri...', Array)
#17 C:\Users\stas\Sites\yii\framework\web\CBaseController.php(126): require('C:\\Users\\stas\\S...')
#18 C:\Users\stas\Sites\yii\framework\web\CBaseController.php(95): CBaseController->renderInternal('C:\\Users\\stas\\S...', Array, true)
#19 C:\Users\stas\Sites\yii\framework\web\CController.php(872): CBaseController->renderFile('C:\\Users\\stas\\S...', Array, true)
#20 C:\Users\stas\Sites\yii\framework\web\CController.php(785): CController->renderPartial('index', Array, true)
#21 C:\Users\stas\Sites\techomatix-test\protected\controllers\LogController.php(25): CController->render('index', Array)
#22 C:\Users\stas\Sites\yii\framework\web\actions\CInlineAction.php(49): LogController->actionIndex()
#23 C:\Users\stas\Sites\yii\framework\web\CController.php(308): CInlineAction->runWithParams(Array)
#24 C:\Users\stas\Sites\yii\framework\web\CController.php(286): CController->runAction(Object(CInlineAction))
#25 C:\Users\stas\Sites\yii\framework\web\CController.php(265): CController->runActionWithFilters(Object(CInlineAction), Array)
#26 C:\Users\stas\Sites\yii\framework\web\CWebApplication.php(282): CController->run('index')
#27 C:\Users\stas\Sites\yii\framework\web\CWebApplication.php(141): CWebApplication->runController('log/index')
#28 C:\Users\stas\Sites\yii\framework\base\CApplication.php(185): CWebApplication->processRequest()
#29 C:\Users\stas\Sites\techomatix-test\index.php(13): CApplication->run()
#30 {main}
REQUEST_URI=/index.php/log/index
HTTP_REFERER=http://techomatix.pro/index.php/plusMinus/index
---
2020/03/13 17:53:26 [error] [exception.ArgumentCountError] ArgumentCountError: Too few arguments to function CHtml::listData(), 1 passed in C:\Users\stas\Sites\techomatix-test\protected\views\log\index.php on line 17 and at least 3 expected in C:\Users\stas\Sites\yii\framework\web\helpers\CHtml.php:2289
Stack trace:
#0 C:\Users\stas\Sites\techomatix-test\protected\views\log\index.php(17): CHtml::listData(Array)
#1 C:\Users\stas\Sites\yii\framework\web\CBaseController.php(126): require('C:\\Users\\stas\\S...')
#2 C:\Users\stas\Sites\yii\framework\web\CBaseController.php(95): CBaseController->renderInternal('C:\\Users\\stas\\S...', Array, true)
#3 C:\Users\stas\Sites\yii\framework\web\CController.php(872): CBaseController->renderFile('C:\\Users\\stas\\S...', Array, true)
#4 C:\Users\stas\Sites\yii\framework\web\CController.php(785): CController->renderPartial('index', Array, true)
#5 C:\Users\stas\Sites\techomatix-test\protected\controllers\LogController.php(32): CController->render('index', Array)
#6 C:\Users\stas\Sites\yii\framework\web\actions\CInlineAction.php(49): LogController->actionIndex()
#7 C:\Users\stas\Sites\yii\framework\web\CController.php(308): CInlineAction->runWithParams(Array)
#8 C:\Users\stas\Sites\yii\framework\web\CController.php(286): CController->runAction(Object(CInlineAction))
#9 C:\Users\stas\Sites\yii\framework\web\CController.php(265): CController->runActionWithFilters(Object(CInlineAction), Array)
#10 C:\Users\stas\Sites\yii\framework\web\CWebApplication.php(282): CController->run('index')
#11 C:\Users\stas\Sites\yii\framework\web\CWebApplication.php(141): CWebApplication->runController('log/index')
#12 C:\Users\stas\Sites\yii\framework\base\CApplication.php(185): CWebApplication->processRequest()
#13 C:\Users\stas\Sites\techomatix-test\index.php(13): CApplication->run()
#14 {main}
REQUEST_URI=/index.php/log/index
HTTP_REFERER=http://techomatix.pro/index.php/plusMinus/index
---
2020/03/13 18:02:25 [error] [exception.CException] CException: Property "Log.date_created" is not defined. in C:\Users\stas\Sites\yii\framework\base\CComponent.php:130
Stack trace:
#0 C:\Users\stas\Sites\yii\framework\db\ar\CActiveRecord.php(145): CComponent->__get('date_created')
#1 C:\Users\stas\Sites\techomatix-test\protected\models\Log.php(127): CActiveRecord->__get('date_created')
#2 C:\Users\stas\Sites\techomatix-test\protected\views\log\index.php(4): Log->search()
#3 C:\Users\stas\Sites\yii\framework\web\CBaseController.php(126): require('C:\\Users\\stas\\S...')
#4 C:\Users\stas\Sites\yii\framework\web\CBaseController.php(95): CBaseController->renderInternal('C:\\Users\\stas\\S...', Array, true)
#5 C:\Users\stas\Sites\yii\framework\web\CController.php(872): CBaseController->renderFile('C:\\Users\\stas\\S...', Array, true)
#6 C:\Users\stas\Sites\yii\framework\web\CController.php(785): CController->renderPartial('index', Array, true)
#7 C:\Users\stas\Sites\techomatix-test\protected\controllers\LogController.php(34): CController->render('index', Array)
#8 C:\Users\stas\Sites\yii\framework\web\actions\CInlineAction.php(49): LogController->actionIndex()
#9 C:\Users\stas\Sites\yii\framework\web\CController.php(308): CInlineAction->runWithParams(Array)
#10 C:\Users\stas\Sites\yii\framework\web\CController.php(286): CController->runAction(Object(CInlineAction))
#11 C:\Users\stas\Sites\yii\framework\web\CController.php(265): CController->runActionWithFilters(Object(CInlineAction), Array)
#12 C:\Users\stas\Sites\yii\framework\web\CWebApplication.php(282): CController->run('index')
#13 C:\Users\stas\Sites\yii\framework\web\CWebApplication.php(141): CWebApplication->runController('log/index')
#14 C:\Users\stas\Sites\yii\framework\base\CApplication.php(185): CWebApplication->processRequest()
#15 C:\Users\stas\Sites\techomatix-test\index.php(13): CApplication->run()
#16 {main}
REQUEST_URI=/index.php/log/index
HTTP_REFERER=http://techomatix.pro/index.php/plusMinus/index
---
2020/03/13 18:11:12 [error] [exception.CException] CException: Property "Log.from_date" is not defined. in C:\Users\stas\Sites\yii\framework\base\CComponent.php:130
Stack trace:
#0 C:\Users\stas\Sites\yii\framework\db\ar\CActiveRecord.php(145): CComponent->__get('from_date')
#1 C:\Users\stas\Sites\yii\framework\web\helpers\CHtml.php(2760): CActiveRecord->__get('from_date')
#2 C:\Users\stas\Sites\yii\framework\web\helpers\CHtml.php(2483): CHtml::resolveValue(Object(Log), 'from_date')
#3 C:\Users\stas\Sites\yii\framework\web\helpers\CHtml.php(1540): CHtml::activeInputField('text', Object(Log), 'from_date', Array)
#4 C:\Users\stas\Sites\yii\framework\zii\widgets\jui\CJuiDatePicker.php(84): CHtml::activeTextField(Object(Log), 'from_date', Array)
#5 C:\Users\stas\Sites\yii\framework\web\CBaseController.php(170): CJuiDatePicker->run()
#6 C:\Users\stas\Sites\techomatix-test\protected\views\log\index.php(54): CBaseController->widget('zii.widgets.jui...', Array, true)
#7 C:\Users\stas\Sites\yii\framework\web\CBaseController.php(126): require('C:\\Users\\stas\\S...')
#8 C:\Users\stas\Sites\yii\framework\web\CBaseController.php(95): CBaseController->renderInternal('C:\\Users\\stas\\S...', Array, true)
#9 C:\Users\stas\Sites\yii\framework\web\CController.php(872): CBaseController->renderFile('C:\\Users\\stas\\S...', Array, true)
#10 C:\Users\stas\Sites\yii\framework\web\CController.php(785): CController->renderPartial('index', Array, true)
#11 C:\Users\stas\Sites\techomatix-test\protected\controllers\LogController.php(34): CController->render('index', Array)
#12 C:\Users\stas\Sites\yii\framework\web\actions\CInlineAction.php(49): LogController->actionIndex()
#13 C:\Users\stas\Sites\yii\framework\web\CController.php(308): CInlineAction->runWithParams(Array)
#14 C:\Users\stas\Sites\yii\framework\web\CController.php(286): CController->runAction(Object(CInlineAction))
#15 C:\Users\stas\Sites\yii\framework\web\CController.php(265): CController->runActionWithFilters(Object(CInlineAction), Array)
#16 C:\Users\stas\Sites\yii\framework\web\CWebApplication.php(282): CController->run('index')
#17 C:\Users\stas\Sites\yii\framework\web\CWebApplication.php(141): CWebApplication->runController('log/index')
#18 C:\Users\stas\Sites\yii\framework\base\CApplication.php(185): CWebApplication->processRequest()
#19 C:\Users\stas\Sites\techomatix-test\index.php(13): CApplication->run()
#20 {main}
REQUEST_URI=/index.php/log/index
HTTP_REFERER=http://techomatix.pro/index.php/plusMinus/index
---
2020/03/13 18:12:03 [error] [exception.CException] CException: Property "Log.dateTime_0" is not defined. in C:\Users\stas\Sites\yii\framework\base\CComponent.php:130
Stack trace:
#0 C:\Users\stas\Sites\yii\framework\db\ar\CActiveRecord.php(145): CComponent->__get('dateTime_0')
#1 C:\Users\stas\Sites\yii\framework\web\helpers\CHtml.php(2760): CActiveRecord->__get('dateTime_0')
#2 C:\Users\stas\Sites\yii\framework\web\helpers\CHtml.php(2483): CHtml::resolveValue(Object(Log), 'dateTime_0')
#3 C:\Users\stas\Sites\yii\framework\web\helpers\CHtml.php(1540): CHtml::activeInputField('text', Object(Log), 'dateTime_0', Array)
#4 C:\Users\stas\Sites\yii\framework\zii\widgets\jui\CJuiDatePicker.php(84): CHtml::activeTextField(Object(Log), 'dateTime_0', Array)
#5 C:\Users\stas\Sites\yii\framework\web\CBaseController.php(170): CJuiDatePicker->run()
#6 C:\Users\stas\Sites\techomatix-test\protected\views\log\index.php(54): CBaseController->widget('zii.widgets.jui...', Array, true)
#7 C:\Users\stas\Sites\yii\framework\web\CBaseController.php(126): require('C:\\Users\\stas\\S...')
#8 C:\Users\stas\Sites\yii\framework\web\CBaseController.php(95): CBaseController->renderInternal('C:\\Users\\stas\\S...', Array, true)
#9 C:\Users\stas\Sites\yii\framework\web\CController.php(872): CBaseController->renderFile('C:\\Users\\stas\\S...', Array, true)
#10 C:\Users\stas\Sites\yii\framework\web\CController.php(785): CController->renderPartial('index', Array, true)
#11 C:\Users\stas\Sites\techomatix-test\protected\controllers\LogController.php(34): CController->render('index', Array)
#12 C:\Users\stas\Sites\yii\framework\web\actions\CInlineAction.php(49): LogController->actionIndex()
#13 C:\Users\stas\Sites\yii\framework\web\CController.php(308): CInlineAction->runWithParams(Array)
#14 C:\Users\stas\Sites\yii\framework\web\CController.php(286): CController->runAction(Object(CInlineAction))
#15 C:\Users\stas\Sites\yii\framework\web\CController.php(265): CController->runActionWithFilters(Object(CInlineAction), Array)
#16 C:\Users\stas\Sites\yii\framework\web\CWebApplication.php(282): CController->run('index')
#17 C:\Users\stas\Sites\yii\framework\web\CWebApplication.php(141): CWebApplication->runController('log/index')
#18 C:\Users\stas\Sites\yii\framework\base\CApplication.php(185): CWebApplication->processRequest()
#19 C:\Users\stas\Sites\techomatix-test\index.php(13): CApplication->run()
#20 {main}
REQUEST_URI=/index.php/log/index
HTTP_REFERER=http://techomatix.pro/index.php/plusMinus/index
---
2020/03/13 18:12:04 [error] [exception.CException] CException: Property "Log.dateTime_0" is not defined. in C:\Users\stas\Sites\yii\framework\base\CComponent.php:130
Stack trace:
#0 C:\Users\stas\Sites\yii\framework\db\ar\CActiveRecord.php(145): CComponent->__get('dateTime_0')
#1 C:\Users\stas\Sites\yii\framework\web\helpers\CHtml.php(2760): CActiveRecord->__get('dateTime_0')
#2 C:\Users\stas\Sites\yii\framework\web\helpers\CHtml.php(2483): CHtml::resolveValue(Object(Log), 'dateTime_0')
#3 C:\Users\stas\Sites\yii\framework\web\helpers\CHtml.php(1540): CHtml::activeInputField('text', Object(Log), 'dateTime_0', Array)
#4 C:\Users\stas\Sites\yii\framework\zii\widgets\jui\CJuiDatePicker.php(84): CHtml::activeTextField(Object(Log), 'dateTime_0', Array)
#5 C:\Users\stas\Sites\yii\framework\web\CBaseController.php(170): CJuiDatePicker->run()
#6 C:\Users\stas\Sites\techomatix-test\protected\views\log\index.php(54): CBaseController->widget('zii.widgets.jui...', Array, true)
#7 C:\Users\stas\Sites\yii\framework\web\CBaseController.php(126): require('C:\\Users\\stas\\S...')
#8 C:\Users\stas\Sites\yii\framework\web\CBaseController.php(95): CBaseController->renderInternal('C:\\Users\\stas\\S...', Array, true)
#9 C:\Users\stas\Sites\yii\framework\web\CController.php(872): CBaseController->renderFile('C:\\Users\\stas\\S...', Array, true)
#10 C:\Users\stas\Sites\yii\framework\web\CController.php(785): CController->renderPartial('index', Array, true)
#11 C:\Users\stas\Sites\techomatix-test\protected\controllers\LogController.php(34): CController->render('index', Array)
#12 C:\Users\stas\Sites\yii\framework\web\actions\CInlineAction.php(49): LogController->actionIndex()
#13 C:\Users\stas\Sites\yii\framework\web\CController.php(308): CInlineAction->runWithParams(Array)
#14 C:\Users\stas\Sites\yii\framework\web\CController.php(286): CController->runAction(Object(CInlineAction))
#15 C:\Users\stas\Sites\yii\framework\web\CController.php(265): CController->runActionWithFilters(Object(CInlineAction), Array)
#16 C:\Users\stas\Sites\yii\framework\web\CWebApplication.php(282): CController->run('index')
#17 C:\Users\stas\Sites\yii\framework\web\CWebApplication.php(141): CWebApplication->runController('log/index')
#18 C:\Users\stas\Sites\yii\framework\base\CApplication.php(185): CWebApplication->processRequest()
#19 C:\Users\stas\Sites\techomatix-test\index.php(13): CApplication->run()
#20 {main}
REQUEST_URI=/index.php/log/index
HTTP_REFERER=http://techomatix.pro/index.php/plusMinus/index
---
2020/03/13 18:12:05 [error] [exception.CException] CException: Property "Log.dateTime_0" is not defined. in C:\Users\stas\Sites\yii\framework\base\CComponent.php:130
Stack trace:
#0 C:\Users\stas\Sites\yii\framework\db\ar\CActiveRecord.php(145): CComponent->__get('dateTime_0')
#1 C:\Users\stas\Sites\yii\framework\web\helpers\CHtml.php(2760): CActiveRecord->__get('dateTime_0')
#2 C:\Users\stas\Sites\yii\framework\web\helpers\CHtml.php(2483): CHtml::resolveValue(Object(Log), 'dateTime_0')
#3 C:\Users\stas\Sites\yii\framework\web\helpers\CHtml.php(1540): CHtml::activeInputField('text', Object(Log), 'dateTime_0', Array)
#4 C:\Users\stas\Sites\yii\framework\zii\widgets\jui\CJuiDatePicker.php(84): CHtml::activeTextField(Object(Log), 'dateTime_0', Array)
#5 C:\Users\stas\Sites\yii\framework\web\CBaseController.php(170): CJuiDatePicker->run()
#6 C:\Users\stas\Sites\techomatix-test\protected\views\log\index.php(54): CBaseController->widget('zii.widgets.jui...', Array, true)
#7 C:\Users\stas\Sites\yii\framework\web\CBaseController.php(126): require('C:\\Users\\stas\\S...')
#8 C:\Users\stas\Sites\yii\framework\web\CBaseController.php(95): CBaseController->renderInternal('C:\\Users\\stas\\S...', Array, true)
#9 C:\Users\stas\Sites\yii\framework\web\CController.php(872): CBaseController->renderFile('C:\\Users\\stas\\S...', Array, true)
#10 C:\Users\stas\Sites\yii\framework\web\CController.php(785): CController->renderPartial('index', Array, true)
#11 C:\Users\stas\Sites\techomatix-test\protected\controllers\LogController.php(34): CController->render('index', Array)
#12 C:\Users\stas\Sites\yii\framework\web\actions\CInlineAction.php(49): LogController->actionIndex()
#13 C:\Users\stas\Sites\yii\framework\web\CController.php(308): CInlineAction->runWithParams(Array)
#14 C:\Users\stas\Sites\yii\framework\web\CController.php(286): CController->runAction(Object(CInlineAction))
#15 C:\Users\stas\Sites\yii\framework\web\CController.php(265): CController->runActionWithFilters(Object(CInlineAction), Array)
#16 C:\Users\stas\Sites\yii\framework\web\CWebApplication.php(282): CController->run('index')
#17 C:\Users\stas\Sites\yii\framework\web\CWebApplication.php(141): CWebApplication->runController('log/index')
#18 C:\Users\stas\Sites\yii\framework\base\CApplication.php(185): CWebApplication->processRequest()
#19 C:\Users\stas\Sites\techomatix-test\index.php(13): CApplication->run()
#20 {main}
REQUEST_URI=/index.php/log/index
HTTP_REFERER=http://techomatix.pro/index.php/plusMinus/index
---
2020/03/13 18:12:33 [error] [exception.Error] Error: Call to undefined function strptime() in C:\Users\stas\Sites\techomatix-test\protected\components\behaviors\EDateRangeSearchBehavior.php:35
Stack trace:
#0 C:\Users\stas\Sites\techomatix-test\protected\components\behaviors\EDateRangeSearchBehavior.php(50): EDateRangeSearchBehavior->date_create_from_strfimeformat('%d/%m/%Y', '2020-03-16')
#1 C:\Users\stas\Sites\techomatix-test\protected\components\behaviors\EDateRangeSearchBehavior.php(84): EDateRangeSearchBehavior->formatDate('2020-03-16')
#2 C:\Users\stas\Sites\yii\framework\base\CComponent.php(261): EDateRangeSearchBehavior->dateRangeSearchCriteria('dateTime', Array)
#3 C:\Users\stas\Sites\yii\framework\db\ar\CActiveRecord.php(229): CComponent->__call('dateRangeSearch...', Array)
#4 C:\Users\stas\Sites\techomatix-test\protected\models\Log.php(127): CActiveRecord->__call('dateRangeSearch...', Array)
#5 C:\Users\stas\Sites\techomatix-test\protected\views\log\index.php(16): Log->search()
#6 C:\Users\stas\Sites\yii\framework\web\CBaseController.php(126): require('C:\\Users\\stas\\S...')
#7 C:\Users\stas\Sites\yii\framework\web\CBaseController.php(95): CBaseController->renderInternal('C:\\Users\\stas\\S...', Array, true)
#8 C:\Users\stas\Sites\yii\framework\web\CController.php(872): CBaseController->renderFile('C:\\Users\\stas\\S...', Array, true)
#9 C:\Users\stas\Sites\yii\framework\web\CController.php(785): CController->renderPartial('index', Array, true)
#10 C:\Users\stas\Sites\techomatix-test\protected\controllers\LogController.php(34): CController->render('index', Array)
#11 C:\Users\stas\Sites\yii\framework\web\actions\CInlineAction.php(49): LogController->actionIndex()
#12 C:\Users\stas\Sites\yii\framework\web\CController.php(308): CInlineAction->runWithParams(Array)
#13 C:\Users\stas\Sites\yii\framework\web\CController.php(286): CController->runAction(Object(CInlineAction))
#14 C:\Users\stas\Sites\yii\framework\web\CController.php(265): CController->runActionWithFilters(Object(CInlineAction), Array)
#15 C:\Users\stas\Sites\yii\framework\web\CWebApplication.php(282): CController->run('index')
#16 C:\Users\stas\Sites\yii\framework\web\CWebApplication.php(141): CWebApplication->runController('log/index')
#17 C:\Users\stas\Sites\yii\framework\base\CApplication.php(185): CWebApplication->processRequest()
#18 C:\Users\stas\Sites\techomatix-test\index.php(13): CApplication->run()
#19 {main}
REQUEST_URI=/index.php/log/index?Log%5Bid%5D=&Log%5BuserId%5D=&Log%5BoperationId%5D=&Log%5BgoodId%5D=&Log%5BdateTime%5D%5B%5D=2020-03-16&Log%5BdateTime%5D%5B%5D=&Log_page=1&ajax=yw0
HTTP_REFERER=http://techomatix.pro/index.php/log/index
---
2020/03/13 18:12:57 [error] [exception.Error] Error: Call to undefined function strptime() in C:\Users\stas\Sites\techomatix-test\protected\components\behaviors\EDateRangeSearchBehavior.php:35
Stack trace:
#0 C:\Users\stas\Sites\techomatix-test\protected\components\behaviors\EDateRangeSearchBehavior.php(50): EDateRangeSearchBehavior->date_create_from_strfimeformat('%d/%m/%Y', '2020-03-16')
#1 C:\Users\stas\Sites\techomatix-test\protected\components\behaviors\EDateRangeSearchBehavior.php(84): EDateRangeSearchBehavior->formatDate('2020-03-16')
#2 C:\Users\stas\Sites\yii\framework\base\CComponent.php(261): EDateRangeSearchBehavior->dateRangeSearchCriteria('dateTime', Array)
#3 C:\Users\stas\Sites\yii\framework\db\ar\CActiveRecord.php(229): CComponent->__call('dateRangeSearch...', Array)
#4 C:\Users\stas\Sites\techomatix-test\protected\models\Log.php(127): CActiveRecord->__call('dateRangeSearch...', Array)
#5 C:\Users\stas\Sites\techomatix-test\protected\views\log\index.php(4): Log->search()
#6 C:\Users\stas\Sites\yii\framework\web\CBaseController.php(126): require('C:\\Users\\stas\\S...')
#7 C:\Users\stas\Sites\yii\framework\web\CBaseController.php(95): CBaseController->renderInternal('C:\\Users\\stas\\S...', Array, true)
#8 C:\Users\stas\Sites\yii\framework\web\CController.php(872): CBaseController->renderFile('C:\\Users\\stas\\S...', Array, true)
#9 C:\Users\stas\Sites\yii\framework\web\CController.php(785): CController->renderPartial('index', Array, true)
#10 C:\Users\stas\Sites\techomatix-test\protected\controllers\LogController.php(34): CController->render('index', Array)
#11 C:\Users\stas\Sites\yii\framework\web\actions\CInlineAction.php(49): LogController->actionIndex()
#12 C:\Users\stas\Sites\yii\framework\web\CController.php(308): CInlineAction->runWithParams(Array)
#13 C:\Users\stas\Sites\yii\framework\web\CController.php(286): CController->runAction(Object(CInlineAction))
#14 C:\Users\stas\Sites\yii\framework\web\CController.php(265): CController->runActionWithFilters(Object(CInlineAction), Array)
#15 C:\Users\stas\Sites\yii\framework\web\CWebApplication.php(282): CController->run('index')
#16 C:\Users\stas\Sites\yii\framework\web\CWebApplication.php(141): CWebApplication->runController('log/index')
#17 C:\Users\stas\Sites\yii\framework\base\CApplication.php(185): CWebApplication->processRequest()
#18 C:\Users\stas\Sites\techomatix-test\index.php(13): CApplication->run()
#19 {main}
REQUEST_URI=/index.php/log/index?Log%5Bid%5D=&Log%5BuserId%5D=&Log%5BoperationId%5D=&Log%5BgoodId%5D=&Log%5BdateTime%5D%5B%5D=2020-03-16&Log%5BdateTime%5D%5B%5D=2020-03-08&Log_page=1&ajax=yw0
HTTP_REFERER=http://techomatix.pro/index.php/log/index
---
2020/03/13 18:15:48 [error] [php] Undefined index: tm_year (C:\Users\stas\Sites\techomatix-test\protected\components\behaviors\EDateRangeSearchBehavior.php:37)
Stack trace:
#0 C:\Users\stas\Sites\yii\framework\base\CComponent.php(261): EDateRangeSearchBehavior->dateRangeSearchCriteria()
#1 C:\Users\stas\Sites\yii\framework\db\ar\CActiveRecord.php(229): Log->__call()
#2 C:\Users\stas\Sites\techomatix-test\protected\models\Log.php(127): Log->__call()
#3 C:\Users\stas\Sites\techomatix-test\protected\views\log\index.php(4): Log->search()
#4 C:\Users\stas\Sites\yii\framework\web\CBaseController.php(126): require()
#5 C:\Users\stas\Sites\yii\framework\web\CBaseController.php(95): LogController->renderInternal()
#6 C:\Users\stas\Sites\yii\framework\web\CController.php(872): LogController->renderFile()
#7 C:\Users\stas\Sites\yii\framework\web\CController.php(785): LogController->renderPartial()
#8 C:\Users\stas\Sites\techomatix-test\protected\controllers\LogController.php(34): LogController->render()
#9 C:\Users\stas\Sites\yii\framework\web\actions\CInlineAction.php(49): LogController->actionIndex()
#10 C:\Users\stas\Sites\yii\framework\web\CController.php(308): CInlineAction->runWithParams()
#11 C:\Users\stas\Sites\yii\framework\web\CController.php(286): LogController->runAction()
#12 C:\Users\stas\Sites\yii\framework\web\CController.php(265): LogController->runActionWithFilters()
#13 C:\Users\stas\Sites\yii\framework\web\CWebApplication.php(282): LogController->run()
#14 C:\Users\stas\Sites\yii\framework\web\CWebApplication.php(141): CWebApplication->runController()
#15 C:\Users\stas\Sites\yii\framework\base\CApplication.php(185): CWebApplication->processRequest()
#16 C:\Users\stas\Sites\techomatix-test\index.php(13): CWebApplication->run()
REQUEST_URI=/index.php/log/index?Log%5Bid%5D=&Log%5BuserId%5D=&Log%5BoperationId%5D=&Log%5BgoodId%5D=&Log%5BdateTime%5D%5B%5D=2020-03-09&Log%5BdateTime%5D%5B%5D=2020-03-08&Log_page=1&ajax=yw0
in C:\Users\stas\Sites\techomatix-test\protected\components\behaviors\EDateRangeSearchBehavior.php (37)
in C:\Users\stas\Sites\techomatix-test\protected\components\behaviors\EDateRangeSearchBehavior.php (50)
in C:\Users\stas\Sites\techomatix-test\protected\components\behaviors\EDateRangeSearchBehavior.php (84)
2020/03/13 18:16:46 [error] [php] Undefined index: tm_hour (C:\Users\stas\Sites\techomatix-test\protected\components\behaviors\EDateRangeSearchBehavior.php:39)
Stack trace:
#0 C:\Users\stas\Sites\yii\framework\base\CComponent.php(261): EDateRangeSearchBehavior->dateRangeSearchCriteria()
#1 C:\Users\stas\Sites\yii\framework\db\ar\CActiveRecord.php(229): Log->__call()
#2 C:\Users\stas\Sites\techomatix-test\protected\models\Log.php(127): Log->__call()
#3 C:\Users\stas\Sites\techomatix-test\protected\views\log\index.php(4): Log->search()
#4 C:\Users\stas\Sites\yii\framework\web\CBaseController.php(126): require()
#5 C:\Users\stas\Sites\yii\framework\web\CBaseController.php(95): LogController->renderInternal()
#6 C:\Users\stas\Sites\yii\framework\web\CController.php(872): LogController->renderFile()
#7 C:\Users\stas\Sites\yii\framework\web\CController.php(785): LogController->renderPartial()
#8 C:\Users\stas\Sites\techomatix-test\protected\controllers\LogController.php(34): LogController->render()
#9 C:\Users\stas\Sites\yii\framework\web\actions\CInlineAction.php(49): LogController->actionIndex()
#10 C:\Users\stas\Sites\yii\framework\web\CController.php(308): CInlineAction->runWithParams()
#11 C:\Users\stas\Sites\yii\framework\web\CController.php(286): LogController->runAction()
#12 C:\Users\stas\Sites\yii\framework\web\CController.php(265): LogController->runActionWithFilters()
#13 C:\Users\stas\Sites\yii\framework\web\CWebApplication.php(282): LogController->run()
#14 C:\Users\stas\Sites\yii\framework\web\CWebApplication.php(141): CWebApplication->runController()
#15 C:\Users\stas\Sites\yii\framework\base\CApplication.php(185): CWebApplication->processRequest()
#16 C:\Users\stas\Sites\techomatix-test\index.php(13): CWebApplication->run()
REQUEST_URI=/index.php/log/index?Log%5Bid%5D=&Log%5BuserId%5D=&Log%5BoperationId%5D=&Log%5BgoodId%5D=&Log%5BdateTime%5D%5B%5D=2020-03-15&Log%5BdateTime%5D%5B%5D=2020-03-08&Log_page=1&ajax=yw0
in C:\Users\stas\Sites\techomatix-test\protected\components\behaviors\EDateRangeSearchBehavior.php (39)
in C:\Users\stas\Sites\techomatix-test\protected\components\behaviors\EDateRangeSearchBehavior.php (50)
in C:\Users\stas\Sites\techomatix-test\protected\components\behaviors\EDateRangeSearchBehavior.php (84)
2020/03/13 18:39:01 [error] [exception.CHttpException.403] CHttpException: Forbidden in C:\Users\stas\Sites\techomatix-test\protected\controllers\PlusMinusController.php:44
Stack trace:
#0 [internal function]: PlusMinusController->actionUpdate(NULL)
#1 C:\Users\stas\Sites\yii\framework\web\actions\CAction.php(109): ReflectionMethod->invokeArgs(Object(PlusMinusController), Array)
#2 C:\Users\stas\Sites\yii\framework\web\actions\CInlineAction.php(47): CAction->runWithParamsInternal(Object(PlusMinusController), Object(ReflectionMethod), Array)
#3 C:\Users\stas\Sites\yii\framework\web\CController.php(308): CInlineAction->runWithParams(Array)
#4 C:\Users\stas\Sites\yii\framework\web\CController.php(286): CController->runAction(Object(CInlineAction))
#5 C:\Users\stas\Sites\yii\framework\web\CController.php(265): CController->runActionWithFilters(Object(CInlineAction), Array)
#6 C:\Users\stas\Sites\yii\framework\web\CWebApplication.php(282): CController->run('update')
#7 C:\Users\stas\Sites\yii\framework\web\CWebApplication.php(141): CWebApplication->runController('plusMinus/updat...')
#8 C:\Users\stas\Sites\yii\framework\base\CApplication.php(185): CWebApplication->processRequest()
#9 C:\Users\stas\Sites\techomatix-test\index.php(13): CApplication->run()
#10 {main}
REQUEST_URI=/index.php/plusMinus/update
HTTP_REFERER=http://techomatix.pro/index.php/plusMinus/index
---
2020/03/13 18:41:44 [error] [exception.CHttpException.403] CHttpException: You are not authorized to perform this action. in C:\Users\stas\Sites\yii\framework\web\auth\CAccessControlFilter.php:183
Stack trace:
#0 C:\Users\stas\Sites\yii\framework\web\auth\CAccessControlFilter.php(145): CAccessControlFilter->accessDenied(Object(CWebUser), 'You are not aut...')
#1 C:\Users\stas\Sites\yii\framework\web\filters\CFilter.php(38): CAccessControlFilter->preFilter(Object(CFilterChain))
#2 C:\Users\stas\Sites\yii\framework\web\CController.php(1148): CFilter->filter(Object(CFilterChain))
#3 C:\Users\stas\Sites\yii\framework\web\filters\CInlineFilter.php(58): CController->filterAccessControl(Object(CFilterChain))
#4 C:\Users\stas\Sites\yii\framework\web\filters\CFilterChain.php(131): CInlineFilter->filter(Object(CFilterChain))
#5 C:\Users\stas\Sites\yii\framework\web\CController.php(291): CFilterChain->run()
#6 C:\Users\stas\Sites\yii\framework\web\CController.php(265): CController->runActionWithFilters(Object(CInlineAction), Array)
#7 C:\Users\stas\Sites\yii\framework\web\CWebApplication.php(282): CController->run('update')
#8 C:\Users\stas\Sites\yii\framework\web\CWebApplication.php(141): CWebApplication->runController('plusMinus/updat...')
#9 C:\Users\stas\Sites\yii\framework\base\CApplication.php(185): CWebApplication->processRequest()
#10 C:\Users\stas\Sites\techomatix-test\index.php(13): CApplication->run()
#11 {main}
REQUEST_URI=/index.php/plusMinus/update
HTTP_REFERER=http://techomatix.pro/index.php/plusMinus/index
---
2020/03/13 16:44:57 [error] [system.db.CDbCommand] CDbCommand::fetchAll() failed: SQLSTATE[42S02]: Base table or view not found: 1146 Table 'test.tbl_migration' doesn't exist. The SQL statement executed was: SHOW FULL COLUMNS FROM `tbl_migration`.
2020/03/13 18:51:33 [error] [php] Trying to get property 'isNewRecord' of non-object (C:\Users\stas\Sites\techomatix-test\protected\models\PlusMinus.php:154)
Stack trace:
#0 unknown(0): PlusMinusController->actionDelete()
#1 C:\Users\stas\Sites\yii\framework\web\actions\CAction.php(109): ReflectionMethod->invokeArgs()
#2 C:\Users\stas\Sites\yii\framework\web\actions\CInlineAction.php(47): CInlineAction->runWithParamsInternal()
#3 C:\Users\stas\Sites\yii\framework\web\CController.php(308): CInlineAction->runWithParams()
#4 C:\Users\stas\Sites\yii\framework\web\filters\CFilterChain.php(134): PlusMinusController->runAction()
#5 C:\Users\stas\Sites\yii\framework\web\filters\CFilter.php(40): CFilterChain->run()
#6 C:\Users\stas\Sites\yii\framework\web\CController.php(1148): CAccessControlFilter->filter()
#7 C:\Users\stas\Sites\yii\framework\web\filters\CInlineFilter.php(58): PlusMinusController->filterAccessControl()
#8 C:\Users\stas\Sites\yii\framework\web\filters\CFilterChain.php(131): CInlineFilter->filter()
#9 C:\Users\stas\Sites\yii\framework\web\CController.php(291): CFilterChain->run()
#10 C:\Users\stas\Sites\yii\framework\web\CController.php(265): PlusMinusController->runActionWithFilters()
#11 C:\Users\stas\Sites\yii\framework\web\CWebApplication.php(282): PlusMinusController->run()
#12 C:\Users\stas\Sites\yii\framework\web\CWebApplication.php(141): CWebApplication->runController()
#13 C:\Users\stas\Sites\yii\framework\base\CApplication.php(185): CWebApplication->processRequest()
#14 C:\Users\stas\Sites\techomatix-test\index.php(13): CWebApplication->run()
REQUEST_URI=/index.php/plusMinus/delete/2?ajax=yw0
in C:\Users\stas\Sites\techomatix-test\protected\models\PlusMinus.php (154)
in C:\Users\stas\Sites\techomatix-test\protected\controllers\PlusMinusController.php (79)
in C:\Users\stas\Sites\techomatix-test\index.php (13)
